This is pdfTeX, Version 3.1415926-1.40.10 (TeX Live 2009/Debian) (format=pdftex 2010.10.20)  6 DEC 2010 12:28
entering extended mode
 restricted \write18 enabled.
 %&-line parsing enabled.
**scrap1.texi
(./scrap1.texi (./texinfo.tex Loading texinfo [version 2010-05-22.17]:
\bindingoffset=\dimen16
\normaloffset=\dimen17
\pagewidth=\dimen18
\pageheight=\dimen19
\outerhsize=\dimen20
\outervsize=\dimen21
\cornerlong=\dimen22
\cornerthick=\dimen23
\topandbottommargin=\dimen24
\headlinebox=\box16
\footlinebox=\box17
\margin=\insert252
\EMsimple=\toks13
\groupbox=\box18
\groupinvalidhelp=\toks14
\mil=\dimen25
\exdentamount=\skip18
\inmarginspacing=\skip19
 pdf,
\tempnum=\count27
\lnkcount=\count28
\filename=\toks15
\filenamelength=\count29
\pgn=\count30
\toksA=\toks16
\toksB=\toks17
\toksC=\toks18
\toksD=\toks19
\boxA=\box19
\countA=\count31
\nopdfimagehelp=\toks20

fonts,
\sffam=\fam8
\textleading=\dimen26
 markup,
\fontdepth=\count32
 glyphs,
\errorbox=\box20
 page headings,
\titlepagetopglue=\skip20
\titlepagebottomglue=\skip21
\evenheadline=\toks21
\oddheadline=\toks22
\evenfootline=\toks23
\oddfootline=\toks24
 tables,
\tableindent=\dimen27
\itemindent=\dimen28
\itemmargin=\dimen29
\itemmax=\dimen30
\itemno=\count33
\multitableparskip=\skip22
\multitableparindent=\skip23
\multitablecolspace=\dimen31
\multitablelinespace=\skip24
\colcount=\count34
\everytab=\toks25
 conditionals,
\doignorecount=\count35
 indexing,
\whatsitskip=\skip25
\whatsitpenalty=\count36
\secondaryindent=\skip26
\partialpage=\box21
\doublecolumnhsize=\dimen32

sectioning,
\unnumberedno=\count37
\chapno=\count38
\secno=\count39
\subsecno=\count40
\subsubsecno=\count41
\appendixno=\count42
\absseclevel=\count43
\secbase=\count44
\chapheadingskip=\skip27
\secheadingskip=\skip28
\subsecheadingskip=\skip29
 toc,
\tocfile=\write0
\contentsrightmargin=\skip30
\savepageno=\count45
\lastnegativepageno=\count46
\tocindent=\dimen33
 environments,
\lispnarrowing=\skip31
\envskipamount=\skip32
\circthick=\dimen34
\cartouter=\dimen35
\cartinner=\dimen36
\normbskip=\skip33
\normpskip=\skip34
\normlskip=\skip35
\lskip=\skip36
\rskip=\skip37
\nonfillparindent=\dimen37
\tabw=\dimen38
 defuns,
\defbodyindent=\skip38
\defargsindent=\skip39
\deflastargmargin=\skip40
\defunpenalty=\count47
\parencount=\count48
\brackcount=\count49
 macros,
\paramno=\count50
\macname=\toks26
 cross references,
\auxfile=\write1
\savesfregister=\count51
 insertions,
\footnoteno=\count52
\SAVEfootins=\box22
\SAVEmargin=\box23

(/usr/share/texmf-texlive/tex/generic/epsf/epsf.tex
This is `epsf.tex' v2.7.3 <23 July 2005>
\epsffilein=\read1
\epsfframemargin=\dimen39
\epsfframethickness=\dimen40
\epsfrsize=\dimen41
\epsftmp=\dimen42
\epsftsize=\dimen43
\epsfxsize=\dimen44
\epsfysize=\dimen45
\pspoints=\dimen46
)
\noepsfhelp=\toks27
 localization,
\nolanghelp=\toks28
\countUTFx=\count53
\countUTFy=\count54
\countUTFz=\count55
 formatting,
\defaultparindent=\dimen47
 and turning on texinfo input format.) (./scrap1.aux)
\openout1 = `scrap1.aux'.

@cpindfile=@write2
@fnindfile=@write3
@vrindfile=@write4
@tpindfile=@write5
@kyindfile=@write6
@pgindfile=@write7
@rgindfile=@write8
doing @fonttextsize 10
 (./praise.texi [1
\openout2 = `scrap1.cp'.

\openout3 = `scrap1.fn'.

\openout4 = `scrap1.vr'.

\openout5 = `scrap1.tp'.

\openout6 = `scrap1.ky'.

\openout7 = `scrap1.pg'.

\openout8 = `scrap1.rg'.

{/var/lib/texmf/fonts/map/pdftex/updmap/pdftex.map}])
[2] [3] [4] (./scrap1.toc [-3]) [-4] (./foreword.texi (Foreword)
\openout0 = `scrap1.toc'.

 [-5] [-6]
[-7]) (./preface-v2.texi (Preface to the Second Edition) [-8]) [-9] [-10]
(./part-one.texi [1] [2]) (./free-sw.texi Chapter 1 [3] [4] [5])
(./thegnuproject.texi Chapter 2 [6] [7] [8] [9] [10] [11] [12] [13] [14]
[15] [16] [17] [18] [19] [20] [21] [22]) (./initial-announcement.texi
Chapter 3 [23] [24] [25]) (./manifesto.texi Chapter 4 [26] [27] [28] [29]
[30] [31] [32] [33] [34] [35]) (./why-free.texi Chapter 5 [36] [37] [38]
[39] [40]) (./shouldbefree.texi Chapter 6 [41] [42] [43] [44] [45] [46]
[47] [48] [49] [50] [51] [52] [53] [54] [55]) (./schools.texi Chapter 7
[56] [57]) (./university.texi Chapter 8 [58] [59]) (./free-doc.texi Chapter 9
[60]
Underfull \hbox (badness 10000) in paragraph at lines 2--2
[]@chaprm 9Why Free Soft-ware Needs 

@hbox(9.99998+2.79999)x346.89621, glue set 4.5234
.@hbox(0.0+0.0)x0.0
.@chaprm 9
.@kern 8.09999
.@chaprm W
.@chaprm h
.etc.

[61] [62]) (./selling.texi Chapter 10 [63] [64] [65] [66]) (./song.texi
Chapter 11 [67] [68] <./song-book-jutta-scrunch-crop.pdf>) (./part-two.texi
[69] [70] [71] [72]) (./why-gnu-linux.texi Chapter 12 [73] [74])
(./categories.texi Chapter 13 [75] [76] <./category.pdf>
Underfull \hbox (badness 10000) in paragraph at lines 7--9


@hbox(0.0+0.0)x346.89621
.@glue(@rightskip) 0.0

[77] [78] [79] [80] [81]) (./open-source-misses-the-point.texi Chapter 14
[82] [83] [84] [85] [86] [87]) (./not-ipr.texi Chapter 15 [88] [89] [90])
(./words-to-avoid.texi Warning: redefining lowerbox Chapter 16 [91] [92]
[93] [94] [95] [96] [97] [98] [99] [100] [101] [102]) (./part-three.texi
[103] [104]) (./right-to-read.texi Chapter 17 [105] [106] [107] [108])
(./misinterpreting-copyright.texi Chapter 18 [109] [110] [111] [112] [113]
[114] [115]
Underfull \hbox (badness 10000) in paragraph at lines 388--394
[][][]@reducedsl Congressional Record, @reducedrm re-marks of Rep. []Bono, 7 Oc
-to-ber 1998, 

@hbox(8.3344+1.75)x346.89621, glue set 4.34943
.@hbox(0.0+0.0)x15.0
.@hbox(8.3344+0.0)x0.0, glue set - 9.1111fil
..@glue 0.0 plus 1.0fil minus 1.0fil
..@mathon
..@hbox(4.51111+0.0)x4.48613, shifted -3.82329
...@sevenrm 5
..@mathoff
..@kern 4.62497
.@vbox(7.43744+0.0)x0.0
.@reducedsl C
.@reducedsl o
.etc.


Underfull \hbox (badness 7308) in paragraph at lines 388--394
@reducedrm p. H9952, [][]@reducedtt http://gpo.gov/fdsys/pkg/CREC-1998-10-07/pd
f/ 

@hbox(6.25+2.0)x331.89621, glue set 4.18349
.@reducedrm p
.@reducedrm .
.@penalty 10000
.@glue(@spaceskip) 3.08298
.@reducedrm H
.etc.

[116]
Overfull \vbox (1.20245pt too high) has occurred while \output is active
\vbox(548.79755+0.0)x346.89621
.\glue(\topskip) 3.05556 plus 60.0
.\hbox(6.94444+1.94444)x346.89621, glue set 0.5636
..\textrm w
..\kern-0.27779
..\textrm o
..\textrm r
..\textrm k
..etc.
.\penalty 10000
.\glue(\baselineskip) 3.11111
.\hbox(6.94444+1.94444)x346.89621, glue set 84.64577fil
..\textrm s
..\textrm o
..\textrm m
..\textrm e
..\glue 3.33333 plus 1.66666 minus 1.11111
..etc.
.etc.


[117] [118]
Overfull \vbox (1.20245pt too high) has occurred while \output is active
\vbox(548.79755+0.0)x346.89621
.\glue(\topskip) 3.05556 plus 60.0
.\hbox(6.94444+1.94444)x346.89621, glue set - 0.22643
..\textrm w
..\textrm i
..\textrm l
..\textrm l
..\glue 3.33333 plus 1.66666 minus 1.11111
..etc.
.\penalty 10000
.\glue(\baselineskip) 3.11111
.\hbox(6.94444+1.94444)x346.89621, glue set 138.39587fil
..\textrm o
..\textrm f
..\glue 3.33333 plus 1.66666 minus 1.11111
..\textrm d
..\textrm o
..etc.
.etc.


[119]) (./push-copyright-aside.texi Chapter 19 [120] [121])
(./freedom-or-copyright.texi Chapter 20 [122] [123] [124]) (./copyleft.texi
Chapter 21 [125] [126] [127]) (./pragmatic.texi Chapter 22 [128] [129] [130])
(./part-four.texi [131] [132] [133] [134]) (./trivial-patent.texi Chapter 23
[135] [136] [137]) (./software-literary-patents.texi Chapter 24 [138] [139]
[140]) (./dsp.texi Chapter 25 [141] [142] [143] [144] [145] [146] [147]
[148] [149] [150] [151] [152] [153] [154] [155] [156] [157])
(./microsoft-new-monopoly.texi Chapter 26 [158]
Underfull \hbox (badness 10000) in paragraph at lines 10--17
 @reducedtt net/index.php/EOOXML_objections#Patent_rights_to_implement_the_ 

@hbox(6.25+2.0)x346.89621
.@glue(@leftskip) 21.68121
.@reducedtt n
.@reducedtt e
.@reducedtt t
.@reducedtt /
.etc.

[159] [160]) (./part-five.texi [161] [162] [163] [164])
(./licenses-introduction.texi Chapter 27 [165] [166] [167] [168]) (./gpl.texi
Chapter 28 [169] [170] [171] [172] [173] [174] [175] [176] [177] [178] [179]
[180] [181] [182]) (./rms-why-gplv3.texi Chapter 29 [183] [184] [185] [186])
(./lgpl.texi Chapter 30 [187] [188] [189] [190]) (./fdl.texi Chapter 31
[191] [192] [193] [194] [195] [196] [197] [198] [199] [200]) (./part-six.texi
[201] [202] [203] [204]) (./can-you-trust.texi Chapter 32 [205] [206] [207])
(./server.texi Chapter 33 [208] [209] [210] [211] [212]) (./java-trap.texi
Chapter 34 [213] [214] [215] [216]) (./javascript-trap.texi Chapter 35 [217]
[218] [219] [220] [221]) (./x.texi Chapter 36 [222] [223] [224])
(./root-of-problem.texi Chapter 37 [225] [226] [227] [228])
(./no-word-attachments.texi Chapter 38 [229] [230] [231] [232]) (./mcvoy.texi
Chapter 39 [233] [234] [235]) (./part-seven.texi [236] [237] [238])
(./computing-progress.texi Chapter 40 [239]) (./compromise.texi Chapter 41
[240] [241] [242]) (./social-inertia.texi Chapter 42 [243] [244])
(./freedom-or-power.texi Chapter 43 [245] [246] [247]) (./appendix-a.texi
(@rmorbold {Appendix A: A Note on Software}) [248] <./code.pdf> [249] [250])
(./appendix-b.texi
(@rmorbold {Appendix B: Translations of the Term ``Free@tie {}Software''})
[251] [252] <./arabic.pdf> <./belarusian.pdf> <./bulgarian.pdf> <./chinese-simp
lified.pdf> <./chinese-traditional.pdf> <./farsi.pdf> <./greek.pdf> <./japanese
-kanji.pdf> <./japanese-kana.pdf> [253] <./russian.pdf> <./serbian-croatian.pdf
> <./tamil.pdf> <./ukrainian.pdf>) (@rmorbold {Index}) [254] (./scrap1.merges
[255] [256] [257] [258] [259] [260] [261] [262] [263] [264] [265]) [266] ) 
Here is how much of TeX's memory you used:
 2526 strings out of 497129
 29354 string characters out of 1207601
 103763 words of memory out of 3000000
 3056 multiletter control sequences out of 15000+50000
 35856 words of font info for 122 fonts, out of 3000000 for 9000
 51 hyphenation exceptions out of 8191
 23i,8n,18p,964b,687s stack positions out of 5000i,500n,10000p,200000b,50000s
 </ho
me/iskander/.texmf-var/fonts/pk/ljfour/jknappen/ec/ecrm1000.600pk></usr/share/t
exmf-texlive/fonts/type1/public/amsfonts/cm/cmb10.pfb></usr/share/texmf-texlive
/fonts/type1/public/amsfonts/cm/cmbx10.pfb></usr/share/texmf-texlive/fonts/type
1/public/amsfonts/cm/cmbx12.pfb></usr/share/texmf-texlive/fonts/type1/public/am
sfonts/cm/cmcsc10.pfb></usr/share/texmf-texlive/fonts/type1/public/amsfonts/cm/
cmmi12.pfb></usr/share/texmf-texlive/fonts/type1/public/amsfonts/cm/cmmi9.pfb><
/usr/share/texmf-texlive/fonts/type1/public/amsfonts/cm/cmr10.pfb></usr/share/t
exmf-texlive/fonts/type1/public/amsfonts/cm/cmr12.pfb></usr/share/texmf-texlive
/fonts/type1/public/amsfonts/cm/cmr7.pfb></usr/share/texmf-texlive/fonts/type1/
public/amsfonts/cm/cmr8.pfb></usr/share/texmf-texlive/fonts/type1/public/amsfon
ts/cm/cmr9.pfb></usr/share/texmf-texlive/fonts/type1/public/amsfonts/cm/cmsl10.
pfb></usr/share/texmf-texlive/fonts/type1/public/amsfonts/cm/cmsl9.pfb></usr/sh
are/texmf-texlive/fonts/type1/public/amsfonts/cm/cmsltt10.pfb></usr/share/texmf
-texlive/fonts/type1/public/amsfonts/cm/cmsy10.pfb></usr/share/texmf-texlive/fo
nts/type1/public/amsfonts/cm/cmsy9.pfb></usr/share/texmf-texlive/fonts/type1/pu
blic/amsfonts/cm/cmti10.pfb></usr/share/texmf-texlive/fonts/type1/public/amsfon
ts/cm/cmti9.pfb></usr/share/texmf-texlive/fonts/type1/public/amsfonts/cm/cmtt10
.pfb></usr/share/texmf-texlive/fonts/type1/public/amsfonts/cm/cmtt9.pfb>
Output written on scrap1.pdf (278 pages, 1597349 bytes).
PDF statistics:
 3192 PDF objects out of 3580 (max. 8388607)
 325 named destinations out of 1000 (max. 500000)
 93 words of extra memory for PDF output out of 10000 (max. 10000000)

